<?xml version="1.0" encoding="UTF-8"?>
<testsuite name="org.Open_code_Studio.jmcl.util.TaskTest" tests="6" skipped="0" failures="0" errors="0" timestamp="2026-06-01T11:43:18.253Z" hostname="cangcangdeMacBook-Air.local" time="7.454">
  <properties/>
  <testcase name="expectErrorUncaught()" classname="org.Open_code_Studio.jmcl.util.TaskTest" time="0.004"/>
  <testcase name="testCompletableFutureCancellation()" classname="org.Open_code_Studio.jmcl.util.TaskTest" time="4.112"/>
  <testcase name="testThenAccept()" classname="org.Open_code_Studio.jmcl.util.TaskTest" time="0.002"/>
  <testcase name="testCancellation()" classname="org.Open_code_Studio.jmcl.util.TaskTest" time="3.208"/>
  <testcase name="testWithCompose()" classname="org.Open_code_Studio.jmcl.util.TaskTest" time="0.003"/>
  <testcase name="testWhenComplete()" classname="org.Open_code_Studio.jmcl.util.TaskTest" time="0.002"/>
  <system-out><![CDATA[Sleep
Main thread start waiting
Start
Cancel
Successfully cancelled
End
Main thread start waiting
Cancel
]]></system-out>
  <system-err><![CDATA[6月 01, 2026 7:43:22 下午 com.sun.javafx.application.PlatformImpl startup
警告: Unsupported JavaFX configuration: classes were loaded from 'unnamed module @77a98a6a'
]]></system-err>
</testsuite>
