<?xml version="1.0" encoding="UTF-8"?>
<testsuite name="org.Open_code_Studio.jmcl.util.io.CSVTableTest" tests="2" skipped="0" failures="0" errors="0" timestamp="2026-06-01T11:43:25.783Z" hostname="cangcangdeMacBook-Air.local" time="0.002">
  <properties/>
  <testcase name="testToString()" classname="org.Open_code_Studio.jmcl.util.io.CSVTableTest" time="0.002"/>
  <testcase name="testCreate()" classname="org.Open_code_Studio.jmcl.util.io.CSVTableTest" time="0.0"/>
  <system-out><![CDATA[]]></system-out>
  <system-err><![CDATA[]]></system-err>
</testsuite>
