<?xml version="1.0" encoding="UTF-8"?>
<testsuite name="org.Open_code_Studio.jmcl.util.javafx.MappedObservableListTest" tests="13" skipped="0" failures="0" errors="0" timestamp="2026-06-01T11:43:25.884Z" hostname="cangcangdeMacBook-Air.local" time="0.007">
  <properties/>
  <testcase name="testGetSourceIndex()" classname="org.Open_code_Studio.jmcl.util.javafx.MappedObservableListTest" time="0.001"/>
  <testcase name="testAdd()" classname="org.Open_code_Studio.jmcl.util.javafx.MappedObservableListTest" time="0.0"/>
  <testcase name="testSet()" classname="org.Open_code_Studio.jmcl.util.javafx.MappedObservableListTest" time="0.001"/>
  <testcase name="testClear()" classname="org.Open_code_Studio.jmcl.util.javafx.MappedObservableListTest" time="0.0"/>
  <testcase name="testSort()" classname="org.Open_code_Studio.jmcl.util.javafx.MappedObservableListTest" time="0.003"/>
  <testcase name="testGetViewIndex()" classname="org.Open_code_Studio.jmcl.util.javafx.MappedObservableListTest" time="0.0"/>
  <testcase name="testInitialMapping()" classname="org.Open_code_Studio.jmcl.util.javafx.MappedObservableListTest" time="0.0"/>
  <testcase name="testAddAll()" classname="org.Open_code_Studio.jmcl.util.javafx.MappedObservableListTest" time="0.0"/>
  <testcase name="testRemove()" classname="org.Open_code_Studio.jmcl.util.javafx.MappedObservableListTest" time="0.0"/>
  <testcase name="testSetAll()" classname="org.Open_code_Studio.jmcl.util.javafx.MappedObservableListTest" time="0.0"/>
  <testcase name="testUpdate()" classname="org.Open_code_Studio.jmcl.util.javafx.MappedObservableListTest" time="0.0"/>
  <testcase name="testRemoveAll()" classname="org.Open_code_Studio.jmcl.util.javafx.MappedObservableListTest" time="0.001"/>
  <testcase name="testComplexOperations()" classname="org.Open_code_Studio.jmcl.util.javafx.MappedObservableListTest" time="0.0"/>
  <system-out><![CDATA[]]></system-out>
  <system-err><![CDATA[]]></system-err>
</testsuite>
