<?xml version="1.0" encoding="UTF-8"?>
<testsuite name="org.Open_code_Studio.jmcl.util.tree.ZipFileTreeTest" tests="2" skipped="0" failures="0" errors="0" timestamp="2026-06-01T11:36:09.031Z" hostname="cangcangdeMacBook-Air.local" time="0.002">
  <properties/>
  <testcase name="testClose()" classname="org.Open_code_Studio.jmcl.util.tree.ZipFileTreeTest" time="0.002"/>
  <testcase name="test()" classname="org.Open_code_Studio.jmcl.util.tree.ZipFileTreeTest" time="0.0"/>
  <system-out><![CDATA[]]></system-out>
  <system-err><![CDATA[]]></system-err>
</testsuite>
