<?xml version="1.0" encoding="UTF-8"?>
<testsuite name="org.Open_code_Studio.jmcl.util.DataSizeUnitTest" tests="3" skipped="0" failures="0" errors="0" timestamp="2026-06-01T11:36:01.306Z" hostname="cangcangdeMacBook-Air.local" time="0.006">
  <properties/>
  <testcase name="testToString()" classname="org.Open_code_Studio.jmcl.util.DataSizeUnitTest" time="0.003"/>
  <testcase name="testConvertToBytes()" classname="org.Open_code_Studio.jmcl.util.DataSizeUnitTest" time="0.001"/>
  <testcase name="testConvertFromBytes()" classname="org.Open_code_Studio.jmcl.util.DataSizeUnitTest" time="0.001"/>
  <system-out><![CDATA[]]></system-out>
  <system-err><![CDATA[]]></system-err>
</testsuite>
