<?xml version="1.0" encoding="UTF-8"?>
<testsuite name="org.Open_code_Studio.jmcl.game.CrashReportAnalyzerTest" tests="86" skipped="0" failures="0" errors="0" timestamp="2026-06-01T11:35:59.046Z" hostname="cangcangdeMacBook-Air.local" time="0.407">
  <properties/>
  <testcase name="flammpfeil()" classname="org.Open_code_Studio.jmcl.game.CrashReportAnalyzerTest" time="0.02"/>
  <testcase name="performantOptiFineIncompatible()" classname="org.Open_code_Studio.jmcl.game.CrashReportAnalyzerTest" time="0.03"/>
  <testcase name="fabric0_12()" classname="org.Open_code_Studio.jmcl.game.CrashReportAnalyzerTest" time="0.002"/>
  <testcase name="splashScreen()" classname="org.Open_code_Studio.jmcl.game.CrashReportAnalyzerTest" time="0.004"/>
  <testcase name="optifineIsNotCompatibleWithForge()" classname="org.Open_code_Studio.jmcl.game.CrashReportAnalyzerTest" time="0.018"/>
  <testcase name="outOfMemoryJVM()" classname="org.Open_code_Studio.jmcl.game.CrashReportAnalyzerTest" time="0.006"/>
  <testcase name="tconstruct()" classname="org.Open_code_Studio.jmcl.game.CrashReportAnalyzerTest" time="0.009"/>
  <testcase name="graphicsDriver()" classname="org.Open_code_Studio.jmcl.game.CrashReportAnalyzerTest" time="0.002"/>
  <testcase name="needJDK112()" classname="org.Open_code_Studio.jmcl.game.CrashReportAnalyzerTest" time="0.003"/>
  <testcase name="needJDK113()" classname="org.Open_code_Studio.jmcl.game.CrashReportAnalyzerTest" time="0.004"/>
  <testcase name="config()" classname="org.Open_code_Studio.jmcl.game.CrashReportAnalyzerTest" time="0.009"/>
  <testcase name="shadersMod()" classname="org.Open_code_Studio.jmcl.game.CrashReportAnalyzerTest" time="0.012"/>
  <testcase name="javaVersionIsTooHigh()" classname="org.Open_code_Studio.jmcl.game.CrashReportAnalyzerTest" time="0.001"/>
  <testcase name="fabricWarnings1()" classname="org.Open_code_Studio.jmcl.game.CrashReportAnalyzerTest" time="0.002"/>
  <testcase name="fabricWarnings2()" classname="org.Open_code_Studio.jmcl.game.CrashReportAnalyzerTest" time="0.001"/>
  <testcase name="loadingErrorFabric()" classname="org.Open_code_Studio.jmcl.game.CrashReportAnalyzerTest" time="0.002"/>
  <testcase name="outOfMemoryMC()" classname="org.Open_code_Studio.jmcl.game.CrashReportAnalyzerTest" time="0.013"/>
  <testcase name="jvm321()" classname="org.Open_code_Studio.jmcl.game.CrashReportAnalyzerTest" time="0.0"/>
  <testcase name="installMixinbootstrap()" classname="org.Open_code_Studio.jmcl.game.CrashReportAnalyzerTest" time="0.002"/>
  <testcase name="tooOldJava1()" classname="org.Open_code_Studio.jmcl.game.CrashReportAnalyzerTest" time="0.003"/>
  <testcase name="tooOldJava2()" classname="org.Open_code_Studio.jmcl.game.CrashReportAnalyzerTest" time="0.002"/>
  <testcase name="openj9()" classname="org.Open_code_Studio.jmcl.game.CrashReportAnalyzerTest" time="0.0"/>
  <testcase name="jadeForestOptifine()" classname="org.Open_code_Studio.jmcl.game.CrashReportAnalyzerTest" time="0.002"/>
  <testcase name="optifineRepeatInstallation()" classname="org.Open_code_Studio.jmcl.game.CrashReportAnalyzerTest" time="0.004"/>
  <testcase name="shadersmodcore()" classname="org.Open_code_Studio.jmcl.game.CrashReportAnalyzerTest" time="0.002"/>
  <testcase name="fabricMissingMinecraft()" classname="org.Open_code_Studio.jmcl.game.CrashReportAnalyzerTest" time="0.001"/>
  <testcase name="wizardry()" classname="org.Open_code_Studio.jmcl.game.CrashReportAnalyzerTest" time="0.001"/>
  <testcase name="optifineIsNotCompatibleWithForge1()" classname="org.Open_code_Studio.jmcl.game.CrashReportAnalyzerTest" time="0.04"/>
  <testcase name="optifineIsNotCompatibleWithForge2()" classname="org.Open_code_Studio.jmcl.game.CrashReportAnalyzerTest" time="0.009"/>
  <testcase name="optifineIsNotCompatibleWithForge3()" classname="org.Open_code_Studio.jmcl.game.CrashReportAnalyzerTest" time="0.037"/>
  <testcase name="optifineIsNotCompatibleWithForge4()" classname="org.Open_code_Studio.jmcl.game.CrashReportAnalyzerTest" time="0.002"/>
  <testcase name="optifineIsNotCompatibleWithForge5()" classname="org.Open_code_Studio.jmcl.game.CrashReportAnalyzerTest" time="0.003"/>
  <testcase name="bootstrapFailed()" classname="org.Open_code_Studio.jmcl.game.CrashReportAnalyzerTest" time="0.009"/>
  <testcase name="forgeEroor()" classname="org.Open_code_Studio.jmcl.game.CrashReportAnalyzerTest" time="0.002"/>
  <testcase name="outOfMemoryJVM1()" classname="org.Open_code_Studio.jmcl.game.CrashReportAnalyzerTest" time="0.0"/>
  <testcase name="icycream()" classname="org.Open_code_Studio.jmcl.game.CrashReportAnalyzerTest" time="0.001"/>
  <testcase name="twilightforest()" classname="org.Open_code_Studio.jmcl.game.CrashReportAnalyzerTest" time="0.001"/>
  <testcase name="rtssForestSodium()" classname="org.Open_code_Studio.jmcl.game.CrashReportAnalyzerTest" time="0.004"/>
  <testcase name="bettersprinting()" classname="org.Open_code_Studio.jmcl.game.CrashReportAnalyzerTest" time="0.001"/>
  <testcase name="forgeRepeatInstallation()" classname="org.Open_code_Studio.jmcl.game.CrashReportAnalyzerTest" time="0.002"/>
  <testcase name="forgeRepeatInstallation1()" classname="org.Open_code_Studio.jmcl.game.CrashReportAnalyzerTest" time="0.005"/>
  <testcase name="fabricConflicts()" classname="org.Open_code_Studio.jmcl.game.CrashReportAnalyzerTest" time="0.001"/>
  <testcase name="incompleteForgeInstallation()" classname="org.Open_code_Studio.jmcl.game.CrashReportAnalyzerTest" time="0.002"/>
  <testcase name="optifine()" classname="org.Open_code_Studio.jmcl.game.CrashReportAnalyzerTest" time="0.001"/>
  <testcase name="ic2()" classname="org.Open_code_Studio.jmcl.game.CrashReportAnalyzerTest" time="0.0"/>
  <testcase name="nei()" classname="org.Open_code_Studio.jmcl.game.CrashReportAnalyzerTest" time="0.001"/>
  <testcase name="jdk9()" classname="org.Open_code_Studio.jmcl.game.CrashReportAnalyzerTest" time="0.001"/>
  <testcase name="jvm32()" classname="org.Open_code_Studio.jmcl.game.CrashReportAnalyzerTest" time="0.0"/>
  <testcase name="nightconfigfixes()" classname="org.Open_code_Studio.jmcl.game.CrashReportAnalyzerTest" time="0.004"/>
  <testcase name="resolutionTooHigh()" classname="org.Open_code_Studio.jmcl.game.CrashReportAnalyzerTest" time="0.001"/>
  <testcase name="unsatisfiedLinkError()" classname="org.Open_code_Studio.jmcl.game.CrashReportAnalyzerTest" time="0.001"/>
  <testcase name="tooOldJava()" classname="org.Open_code_Studio.jmcl.game.CrashReportAnalyzerTest" time="0.002"/>
  <testcase name="macosFailedToFindServicePortForDisplay()" classname="org.Open_code_Studio.jmcl.game.CrashReportAnalyzerTest" time="0.004"/>
  <testcase name="modResolution()" classname="org.Open_code_Studio.jmcl.game.CrashReportAnalyzerTest" time="0.001"/>
  <testcase name="forgemodResolution()" classname="org.Open_code_Studio.jmcl.game.CrashReportAnalyzerTest" time="0.007"/>
  <testcase name="loaderExceptionModCrash2()" classname="org.Open_code_Studio.jmcl.game.CrashReportAnalyzerTest" time="0.002"/>
  <testcase name="loaderExceptionModCrash3()" classname="org.Open_code_Studio.jmcl.game.CrashReportAnalyzerTest" time="0.005"/>
  <testcase name="loaderExceptionModCrash4()" classname="org.Open_code_Studio.jmcl.game.CrashReportAnalyzerTest" time="0.003"/>
  <testcase name="noClassDefFoundError1()" classname="org.Open_code_Studio.jmcl.game.CrashReportAnalyzerTest" time="0.001"/>
  <testcase name="noClassDefFoundError2()" classname="org.Open_code_Studio.jmcl.game.CrashReportAnalyzerTest" time="0.002"/>
  <testcase name="thaumcraft()" classname="org.Open_code_Studio.jmcl.game.CrashReportAnalyzerTest" time="0.001"/>
  <testcase name="neoforgeForestOptiFineIncompatible()" classname="org.Open_code_Studio.jmcl.game.CrashReportAnalyzerTest" time="0.002"/>
  <testcase name="modResolutionCollection()" classname="org.Open_code_Studio.jmcl.game.CrashReportAnalyzerTest" time="0.0"/>
  <testcase name="needJDK11()" classname="org.Open_code_Studio.jmcl.game.CrashReportAnalyzerTest" time="0.002"/>
  <testcase name="mixinApplyModFailed()" classname="org.Open_code_Studio.jmcl.game.CrashReportAnalyzerTest" time="0.021"/>
  <testcase name="fabricWarnings()" classname="org.Open_code_Studio.jmcl.game.CrashReportAnalyzerTest" time="0.002"/>
  <testcase name="graphicsDriverJVM()" classname="org.Open_code_Studio.jmcl.game.CrashReportAnalyzerTest" time="0.002"/>
  <testcase name="modName()" classname="org.Open_code_Studio.jmcl.game.CrashReportAnalyzerTest" time="0.004"/>
  <testcase name="loaderExceptionModCrash()" classname="org.Open_code_Studio.jmcl.game.CrashReportAnalyzerTest" time="0.008"/>
  <testcase name="twilightForestOptiFineIncompatible()" classname="org.Open_code_Studio.jmcl.game.CrashReportAnalyzerTest" time="0.009"/>
  <testcase name="securityException()" classname="org.Open_code_Studio.jmcl.game.CrashReportAnalyzerTest" time="0.005"/>
  <testcase name="creativemd()" classname="org.Open_code_Studio.jmcl.game.CrashReportAnalyzerTest" time="0.001"/>
  <testcase name="incompleteForgeInstallation2()" classname="org.Open_code_Studio.jmcl.game.CrashReportAnalyzerTest" time="0.001"/>
  <testcase name="incompleteForgeInstallation3()" classname="org.Open_code_Studio.jmcl.game.CrashReportAnalyzerTest" time="0.001"/>
  <testcase name="incompleteForgeInstallation4()" classname="org.Open_code_Studio.jmcl.game.CrashReportAnalyzerTest" time="0.0"/>
  <testcase name="incompleteForgeInstallation5()" classname="org.Open_code_Studio.jmcl.game.CrashReportAnalyzerTest" time="0.0"/>
  <testcase name="incompleteForgeInstallation6()" classname="org.Open_code_Studio.jmcl.game.CrashReportAnalyzerTest" time="0.001"/>
  <testcase name="incompleteForgeInstallation7()" classname="org.Open_code_Studio.jmcl.game.CrashReportAnalyzerTest" time="0.001"/>
  <testcase name="fabricMissing()" classname="org.Open_code_Studio.jmcl.game.CrashReportAnalyzerTest" time="0.001"/>
  <testcase name="customNpc()" classname="org.Open_code_Studio.jmcl.game.CrashReportAnalyzerTest" time="0.002"/>
  <testcase name="mapletree()" classname="org.Open_code_Studio.jmcl.game.CrashReportAnalyzerTest" time="0.0"/>
  <testcase name="forgeFoundDuplicateMods()" classname="org.Open_code_Studio.jmcl.game.CrashReportAnalyzerTest" time="0.003"/>
  <testcase name="fileAlreadyExists()" classname="org.Open_code_Studio.jmcl.game.CrashReportAnalyzerTest" time="0.002"/>
  <testcase name="netease()" classname="org.Open_code_Studio.jmcl.game.CrashReportAnalyzerTest" time="0.001"/>
  <testcase name="modResolution0()" classname="org.Open_code_Studio.jmcl.game.CrashReportAnalyzerTest" time="0.002"/>
  <testcase name="memoryExceeded()" classname="org.Open_code_Studio.jmcl.game.CrashReportAnalyzerTest" time="0.001"/>
  <system-out><![CDATA[]]></system-out>
  <system-err><![CDATA[]]></system-err>
</testsuite>
