<?xml version="1.0" encoding="UTF-8"?>
<testsuite name="org.Open_code_Studio.jmcl.util.tree.ZipFileTreeTest" tests="2" skipped="0" failures="0" errors="0" timestamp="2026-06-01T11:43:25.932Z" hostname="cangcangdeMacBook-Air.local" time="0.003">
  <properties/>
  <testcase name="testClose()" classname="org.Open_code_Studio.jmcl.util.tree.ZipFileTreeTest" time="0.002"/>
  <testcase name="test()" classname="org.Open_code_Studio.jmcl.util.tree.ZipFileTreeTest" time="0.001"/>
  <system-out><![CDATA[]]></system-out>
  <system-err><![CDATA[]]></system-err>
</testsuite>
