<?xml version="1.0" encoding="UTF-8"?>
<testsuite name="org.Open_code_Studio.jmcl.util.platform.hardware.CentralProcessorTest" tests="1" skipped="0" failures="0" errors="0" timestamp="2026-06-01T11:43:25.898Z" hostname="cangcangdeMacBook-Air.local" time="0.002">
  <properties/>
  <testcase name="testCleanName()" classname="org.Open_code_Studio.jmcl.util.platform.hardware.CentralProcessorTest" time="0.001"/>
  <system-out><![CDATA[]]></system-out>
  <system-err><![CDATA[]]></system-err>
</testsuite>
