<?xml version="1.0" encoding="UTF-8"?>
<testsuite name="org.Open_code_Studio.jmcl.mod.curse.CurseForgeRemoteModRepositoryTest" tests="1" skipped="1" failures="0" errors="0" timestamp="2026-06-01T11:35:59.454Z" hostname="cangcangdeMacBook-Air.local" time="0.001">
  <properties/>
  <testcase name="testMurmurHash()" classname="org.Open_code_Studio.jmcl.mod.curse.CurseForgeRemoteModRepositoryTest" time="0.0">
    <skipped/>
  </testcase>
  <system-out><![CDATA[]]></system-out>
  <system-err><![CDATA[]]></system-err>
</testsuite>
