<?xml version="1.0" encoding="UTF-8"?>
<testsuite name="org.Open_code_Studio.jmcl.util.gson.InstantTypeAdapterTest" tests="2" skipped="0" failures="0" errors="0" timestamp="2026-06-01T11:43:25.710Z" hostname="cangcangdeMacBook-Air.local" time="0.006">
  <properties/>
  <testcase name="testSerialize()" classname="org.Open_code_Studio.jmcl.util.gson.InstantTypeAdapterTest" time="0.001"/>
  <testcase name="testDeserialize()" classname="org.Open_code_Studio.jmcl.util.gson.InstantTypeAdapterTest" time="0.005"/>
  <system-out><![CDATA[]]></system-out>
  <system-err><![CDATA[]]></system-err>
</testsuite>
