<?xml version="1.0" encoding="UTF-8"?>
<testsuite name="org.Open_code_Studio.jmcl.util.versioning.VersionNumberTest" tests="4" skipped="0" failures="0" errors="0" timestamp="2026-06-01T11:43:25.982Z" hostname="cangcangdeMacBook-Air.local" time="0.003">
  <properties/>
  <testcase name="testComparator()" classname="org.Open_code_Studio.jmcl.util.versioning.VersionNumberTest" time="0.001"/>
  <testcase name="testIsIntVersion()" classname="org.Open_code_Studio.jmcl.util.versioning.VersionNumberTest" time="0.0"/>
  <testcase name="testCanonical()" classname="org.Open_code_Studio.jmcl.util.versioning.VersionNumberTest" time="0.0"/>
  <testcase name="testSorting()" classname="org.Open_code_Studio.jmcl.util.versioning.VersionNumberTest" time="0.001"/>
  <system-out><![CDATA[]]></system-out>
  <system-err><![CDATA[]]></system-err>
</testsuite>
