<?xml version="1.0" encoding="UTF-8"?>
<testsuite name="org.Open_code_Studio.jmcl.task.FetchTaskTest" tests="5" skipped="0" failures="0" errors="0" timestamp="2026-06-01T11:43:16.565Z" hostname="cangcangdeMacBook-Air.local" time="1.652">
  <properties/>
  <testcase name="changedStrongETagFallsBackToFullDownload(Path)" classname="org.Open_code_Studio.jmcl.task.FetchTaskTest" time="0.599"/>
  <testcase name="validContentRangeCompletesResume(Path)" classname="org.Open_code_Studio.jmcl.task.FetchTaskTest" time="0.419"/>
  <testcase name="fullRetryUsesLatestResponseMetadata(Path)" classname="org.Open_code_Studio.jmcl.task.FetchTaskTest" time="0.21"/>
  <testcase name="checksumMismatchFailsWithoutReplacingTarget(Path)" classname="org.Open_code_Studio.jmcl.task.FetchTaskTest" time="0.002"/>
  <testcase name="invalidContentRangeFallsBackToFullDownload(Path)" classname="org.Open_code_Studio.jmcl.task.FetchTaskTest" time="0.417"/>
  <system-out><![CDATA[]]></system-out>
  <system-err><![CDATA[]]></system-err>
</testsuite>
