<?xml version="1.0" encoding="UTF-8"?>
<testsuite name="org.Open_code_Studio.jmcl.util.CircularArrayListTest" tests="6" skipped="0" failures="0" errors="0" timestamp="2026-06-01T11:36:01.278Z" hostname="cangcangdeMacBook-Air.local" time="0.028">
  <properties/>
  <testcase name="testLoopback()" classname="org.Open_code_Studio.jmcl.util.CircularArrayListTest" time="0.009"/>
  <testcase name="testClear()" classname="org.Open_code_Studio.jmcl.util.CircularArrayListTest" time="0.0"/>
  <testcase name="testEmpty()" classname="org.Open_code_Studio.jmcl.util.CircularArrayListTest" time="0.0"/>
  <testcase name="testSequential()" classname="org.Open_code_Studio.jmcl.util.CircularArrayListTest" time="0.001"/>
  <testcase name="testSequentialExpansion()" classname="org.Open_code_Studio.jmcl.util.CircularArrayListTest" time="0.009"/>
  <testcase name="testLoopbackExpansion()" classname="org.Open_code_Studio.jmcl.util.CircularArrayListTest" time="0.008"/>
  <system-out><![CDATA[]]></system-out>
  <system-err><![CDATA[]]></system-err>
</testsuite>
