<?xml version="1.0" encoding="UTF-8"?>
<testsuite name="org.Open_code_Studio.jmcl.util.AggregatedObservableListTest" tests="2" skipped="0" failures="0" errors="0" timestamp="2026-06-03T13:15:33.740Z" hostname="cangcangdeMacBook-Air.local" time="0.002">
  <properties/>
  <testcase name="testInteger()" classname="org.Open_code_Studio.jmcl.util.AggregatedObservableListTest" time="0.001"/>
  <testcase name="testSetAll()" classname="org.Open_code_Studio.jmcl.util.AggregatedObservableListTest" time="0.001"/>
  <system-out><![CDATA[]]></system-out>
  <system-err><![CDATA[]]></system-err>
</testsuite>
