<?xml version="1.0" encoding="UTF-8"?>
<testsuite name="org.Open_code_Studio.jmcl.ui.SVGTest" tests="98" skipped="0" failures="0" errors="0" timestamp="2026-06-01T11:43:14.335Z" hostname="cangcangdeMacBook-Air.local" time="0.192">
  <properties/>
  <testcase name="[1] NONE" classname="org.Open_code_Studio.jmcl.ui.SVGTest" time="0.015"/>
  <testcase name="[2] ADD" classname="org.Open_code_Studio.jmcl.ui.SVGTest" time="0.001"/>
  <testcase name="[3] ADD_CIRCLE" classname="org.Open_code_Studio.jmcl.ui.SVGTest" time="0.001"/>
  <testcase name="[4] ALPHA_CIRCLE" classname="org.Open_code_Studio.jmcl.ui.SVGTest" time="0.001"/>
  <testcase name="[5] ARCHIVE" classname="org.Open_code_Studio.jmcl.ui.SVGTest" time="0.0"/>
  <testcase name="[6] ARCHIVE_FILL" classname="org.Open_code_Studio.jmcl.ui.SVGTest" time="0.0"/>
  <testcase name="[7] ARROW_BACK" classname="org.Open_code_Studio.jmcl.ui.SVGTest" time="0.0"/>
  <testcase name="[8] ARROW_DROP_DOWN" classname="org.Open_code_Studio.jmcl.ui.SVGTest" time="0.0"/>
  <testcase name="[9] ARROW_DROP_UP" classname="org.Open_code_Studio.jmcl.ui.SVGTest" time="0.0"/>
  <testcase name="[10] ARROW_FORWARD" classname="org.Open_code_Studio.jmcl.ui.SVGTest" time="0.0"/>
  <testcase name="[11] BETA_CIRCLE" classname="org.Open_code_Studio.jmcl.ui.SVGTest" time="0.0"/>
  <testcase name="[12] CANCEL" classname="org.Open_code_Studio.jmcl.ui.SVGTest" time="0.0"/>
  <testcase name="[13] CHAT" classname="org.Open_code_Studio.jmcl.ui.SVGTest" time="0.0"/>
  <testcase name="[14] CHECK" classname="org.Open_code_Studio.jmcl.ui.SVGTest" time="0.0"/>
  <testcase name="[15] CHECKROOM" classname="org.Open_code_Studio.jmcl.ui.SVGTest" time="0.0"/>
  <testcase name="[16] CHECK_CIRCLE" classname="org.Open_code_Studio.jmcl.ui.SVGTest" time="0.0"/>
  <testcase name="[17] CLOSE" classname="org.Open_code_Studio.jmcl.ui.SVGTest" time="0.0"/>
  <testcase name="[18] CONTENT_CUT" classname="org.Open_code_Studio.jmcl.ui.SVGTest" time="0.0"/>
  <testcase name="[19] CONTENT_COPY" classname="org.Open_code_Studio.jmcl.ui.SVGTest" time="0.0"/>
  <testcase name="[20] CONTENT_PASTE" classname="org.Open_code_Studio.jmcl.ui.SVGTest" time="0.001"/>
  <testcase name="[21] CREATE_NEW_FOLDER" classname="org.Open_code_Studio.jmcl.ui.SVGTest" time="0.0"/>
  <testcase name="[22] DELETE" classname="org.Open_code_Studio.jmcl.ui.SVGTest" time="0.001"/>
  <testcase name="[23] DELETE_FOREVER" classname="org.Open_code_Studio.jmcl.ui.SVGTest" time="0.0"/>
  <testcase name="[24] DEPLOYED_CODE" classname="org.Open_code_Studio.jmcl.ui.SVGTest" time="0.0"/>
  <testcase name="[25] DEPLOYED_CODE_FILL" classname="org.Open_code_Studio.jmcl.ui.SVGTest" time="0.0"/>
  <testcase name="[26] DOWNLOAD" classname="org.Open_code_Studio.jmcl.ui.SVGTest" time="0.0"/>
  <testcase name="[27] DRESSER" classname="org.Open_code_Studio.jmcl.ui.SVGTest" time="0.0"/>
  <testcase name="[28] EDIT" classname="org.Open_code_Studio.jmcl.ui.SVGTest" time="0.0"/>
  <testcase name="[29] ERROR" classname="org.Open_code_Studio.jmcl.ui.SVGTest" time="0.001"/>
  <testcase name="[30] EXPLORE" classname="org.Open_code_Studio.jmcl.ui.SVGTest" time="0.001"/>
  <testcase name="[31] EXTENSION" classname="org.Open_code_Studio.jmcl.ui.SVGTest" time="0.0"/>
  <testcase name="[32] EXTENSION_FILL" classname="org.Open_code_Studio.jmcl.ui.SVGTest" time="0.0"/>
  <testcase name="[33] FEEDBACK" classname="org.Open_code_Studio.jmcl.ui.SVGTest" time="0.0"/>
  <testcase name="[34] FEEDBACK_FILL" classname="org.Open_code_Studio.jmcl.ui.SVGTest" time="0.0"/>
  <testcase name="[35] FILE_OPEN" classname="org.Open_code_Studio.jmcl.ui.SVGTest" time="0.0"/>
  <testcase name="[36] FOLDER" classname="org.Open_code_Studio.jmcl.ui.SVGTest" time="0.001"/>
  <testcase name="[37] FOLDER_COPY" classname="org.Open_code_Studio.jmcl.ui.SVGTest" time="0.0"/>
  <testcase name="[38] FOLDER_OPEN" classname="org.Open_code_Studio.jmcl.ui.SVGTest" time="0.0"/>
  <testcase name="[39] FORMAT_LIST_BULLETED" classname="org.Open_code_Studio.jmcl.ui.SVGTest" time="0.0"/>
  <testcase name="[40] FORT" classname="org.Open_code_Studio.jmcl.ui.SVGTest" time="0.0"/>
  <testcase name="[41] FOR_YOU" classname="org.Open_code_Studio.jmcl.ui.SVGTest" time="0.001"/>
  <testcase name="[42] GAMEPAD" classname="org.Open_code_Studio.jmcl.ui.SVGTest" time="0.0"/>
  <testcase name="[43] GLOBE_BOOK" classname="org.Open_code_Studio.jmcl.ui.SVGTest" time="0.0"/>
  <testcase name="[44] GRAPH2" classname="org.Open_code_Studio.jmcl.ui.SVGTest" time="0.0"/>
  <testcase name="[45] HELP" classname="org.Open_code_Studio.jmcl.ui.SVGTest" time="0.0"/>
  <testcase name="[46] HELP_FILL" classname="org.Open_code_Studio.jmcl.ui.SVGTest" time="0.001"/>
  <testcase name="[47] HOME" classname="org.Open_code_Studio.jmcl.ui.SVGTest" time="0.0"/>
  <testcase name="[48] HOST" classname="org.Open_code_Studio.jmcl.ui.SVGTest" time="0.0"/>
  <testcase name="[49] INFO" classname="org.Open_code_Studio.jmcl.ui.SVGTest" time="0.0"/>
  <testcase name="[50] INFO_FILL" classname="org.Open_code_Studio.jmcl.ui.SVGTest" time="0.0"/>
  <testcase name="[51] KEYBOARD_ARROW_DOWN" classname="org.Open_code_Studio.jmcl.ui.SVGTest" time="0.001"/>
  <testcase name="[52] KEYBOARD_ARROW_UP" classname="org.Open_code_Studio.jmcl.ui.SVGTest" time="0.0"/>
  <testcase name="[53] LANDSCAPE" classname="org.Open_code_Studio.jmcl.ui.SVGTest" time="0.0"/>
  <testcase name="[54] LIST" classname="org.Open_code_Studio.jmcl.ui.SVGTest" time="0.001"/>
  <testcase name="[55] LISTS" classname="org.Open_code_Studio.jmcl.ui.SVGTest" time="0.0"/>
  <testcase name="[56] LOCAL_CAFE" classname="org.Open_code_Studio.jmcl.ui.SVGTest" time="0.0"/>
  <testcase name="[57] LOCAL_CAFE_FILL" classname="org.Open_code_Studio.jmcl.ui.SVGTest" time="0.0"/>
  <testcase name="[58] LOCATION_CITY" classname="org.Open_code_Studio.jmcl.ui.SVGTest" time="0.0"/>
  <testcase name="[59] MENU" classname="org.Open_code_Studio.jmcl.ui.SVGTest" time="0.001"/>
  <testcase name="[60] MICROSOFT" classname="org.Open_code_Studio.jmcl.ui.SVGTest" time="0.0"/>
  <testcase name="[61] MINIMIZE_CENTER" classname="org.Open_code_Studio.jmcl.ui.SVGTest" time="0.0"/>
  <testcase name="[62] MORE_HORIZ" classname="org.Open_code_Studio.jmcl.ui.SVGTest" time="0.0"/>
  <testcase name="[63] MORE_VERT" classname="org.Open_code_Studio.jmcl.ui.SVGTest" time="0.0"/>
  <testcase name="[64] OPEN_IN_NEW" classname="org.Open_code_Studio.jmcl.ui.SVGTest" time="0.001"/>
  <testcase name="[65] OUTPUT" classname="org.Open_code_Studio.jmcl.ui.SVGTest" time="0.0"/>
  <testcase name="[66] PACKAGE" classname="org.Open_code_Studio.jmcl.ui.SVGTest" time="0.0"/>
  <testcase name="[67] PACKAGE2" classname="org.Open_code_Studio.jmcl.ui.SVGTest" time="0.001"/>
  <testcase name="[68] PACKAGE2_FILL" classname="org.Open_code_Studio.jmcl.ui.SVGTest" time="0.0"/>
  <testcase name="[69] PERSON" classname="org.Open_code_Studio.jmcl.ui.SVGTest" time="0.0"/>
  <testcase name="[70] PUBLIC" classname="org.Open_code_Studio.jmcl.ui.SVGTest" time="0.0"/>
  <testcase name="[71] REFRESH" classname="org.Open_code_Studio.jmcl.ui.SVGTest" time="0.0"/>
  <testcase name="[72] REDO" classname="org.Open_code_Studio.jmcl.ui.SVGTest" time="0.001"/>
  <testcase name="[73] RELEASE_CIRCLE" classname="org.Open_code_Studio.jmcl.ui.SVGTest" time="0.0"/>
  <testcase name="[74] RESTORE" classname="org.Open_code_Studio.jmcl.ui.SVGTest" time="0.0"/>
  <testcase name="[75] ROCKET_LAUNCH" classname="org.Open_code_Studio.jmcl.ui.SVGTest" time="0.0"/>
  <testcase name="[76] SCHEMA" classname="org.Open_code_Studio.jmcl.ui.SVGTest" time="0.0"/>
  <testcase name="[77] SCHEMA_FILL" classname="org.Open_code_Studio.jmcl.ui.SVGTest" time="0.0"/>
  <testcase name="[78] SCREENSHOT_MONITOR" classname="org.Open_code_Studio.jmcl.ui.SVGTest" time="0.0"/>
  <testcase name="[79] SCRIPT" classname="org.Open_code_Studio.jmcl.ui.SVGTest" time="0.0"/>
  <testcase name="[80] SEARCH" classname="org.Open_code_Studio.jmcl.ui.SVGTest" time="0.0"/>
  <testcase name="[81] SELECT_ALL" classname="org.Open_code_Studio.jmcl.ui.SVGTest" time="0.0"/>
  <testcase name="[82] SETTINGS" classname="org.Open_code_Studio.jmcl.ui.SVGTest" time="0.0"/>
  <testcase name="[83] SETTINGS_FILL" classname="org.Open_code_Studio.jmcl.ui.SVGTest" time="0.0"/>
  <testcase name="[84] STADIA_CONTROLLER" classname="org.Open_code_Studio.jmcl.ui.SVGTest" time="0.001"/>
  <testcase name="[85] STADIA_CONTROLLER_FILL" classname="org.Open_code_Studio.jmcl.ui.SVGTest" time="0.0"/>
  <testcase name="[86] STYLE" classname="org.Open_code_Studio.jmcl.ui.SVGTest" time="0.001"/>
  <testcase name="[87] STYLE_FILL" classname="org.Open_code_Studio.jmcl.ui.SVGTest" time="0.0"/>
  <testcase name="[88] TEXTURE" classname="org.Open_code_Studio.jmcl.ui.SVGTest" time="0.0"/>
  <testcase name="[89] TRIP" classname="org.Open_code_Studio.jmcl.ui.SVGTest" time="0.001"/>
  <testcase name="[90] TUNE" classname="org.Open_code_Studio.jmcl.ui.SVGTest" time="0.0"/>
  <testcase name="[91] UNFOLD_MORE" classname="org.Open_code_Studio.jmcl.ui.SVGTest" time="0.0"/>
  <testcase name="[92] UPDATE" classname="org.Open_code_Studio.jmcl.ui.SVGTest" time="0.0"/>
  <testcase name="[93] UNDO" classname="org.Open_code_Studio.jmcl.ui.SVGTest" time="0.0"/>
  <testcase name="[94] VISIBILITY" classname="org.Open_code_Studio.jmcl.ui.SVGTest" time="0.0"/>
  <testcase name="[95] VISIBILITY_OFF" classname="org.Open_code_Studio.jmcl.ui.SVGTest" time="0.0"/>
  <testcase name="[96] WARNING" classname="org.Open_code_Studio.jmcl.ui.SVGTest" time="0.0"/>
  <testcase name="[97] WB_SUNNY" classname="org.Open_code_Studio.jmcl.ui.SVGTest" time="0.001"/>
  <testcase name="[98] WB_SUNNY_FILL" classname="org.Open_code_Studio.jmcl.ui.SVGTest" time="0.0"/>
  <system-out><![CDATA[]]></system-out>
  <system-err><![CDATA[6月 01, 2026 7:43:14 下午 com.sun.javafx.application.PlatformImpl startup
警告: Unsupported JavaFX configuration: classes were loaded from 'unnamed module @3e10dc6'
]]></system-err>
</testsuite>
